<?xml version="1.0" encoding="UTF-8"?>
<testng-results skipped="0" failed="0" ignored="0" total="1" passed="1">
  <reporter-output>
  </reporter-output>
  <suite name="Suite" duration-ms="27396" started-at="2020-08-04T10:41:00 IST" finished-at="2020-08-04T10:41:28 IST">
    <groups>
    </groups>
    <test name="Test" duration-ms="27396" started-at="2020-08-04T10:41:00 IST" finished-at="2020-08-04T10:41:28 IST">
      <class name="com.crm.qa.testcases.LoginPageTest">
        <test-method status="PASS" signature="setUp()[pri:0, instance:com.crm.qa.testcases.LoginPageTest@5025a98f]" name="setUp" is-config="true" duration-ms="13219" started-at="2020-08-04T10:41:01 IST" finished-at="2020-08-04T10:41:14 IST">
          <reporter-output>
          </reporter-output>
        </test-method> <!-- setUp -->
        <test-method status="PASS" signature="loginPageTitleTest()[pri:0, instance:com.crm.qa.testcases.LoginPageTest@5025a98f]" name="loginPageTitleTest" duration-ms="10048" started-at="2020-08-04T10:41:14 IST" finished-at="2020-08-04T10:41:24 IST">
          <reporter-output>
          </reporter-output>
        </test-method> <!-- loginPageTitleTest -->
        <test-method status="PASS" signature="tearDown()[pri:0, instance:com.crm.qa.testcases.LoginPageTest@5025a98f]" name="tearDown" is-config="true" duration-ms="4066" started-at="2020-08-04T10:41:24 IST" finished-at="2020-08-04T10:41:28 IST">
          <reporter-output>
          </reporter-output>
        </test-method> <!-- tearDown -->
      </class> <!-- com.crm.qa.testcases.LoginPageTest -->
    </test> <!-- Test -->
  </suite> <!-- Suite -->
</testng-results>
