<?xml version="1.0" encoding="UTF-8"?>
<testng-results skipped="0" failed="0" ignored="0" total="1" passed="1">
  <reporter-output>
  </reporter-output>
  <suite name="Suite" duration-ms="55334" started-at="2020-08-04T10:25:54 IST" finished-at="2020-08-04T10:26:50 IST">
    <groups>
    </groups>
    <test name="Test" duration-ms="55334" started-at="2020-08-04T10:25:54 IST" finished-at="2020-08-04T10:26:50 IST">
      <class name="com.crm.qa.testcases.LoginPageTest">
        <test-method status="PASS" signature="setUp()[pri:0, instance:com.crm.qa.testcases.LoginPageTest@536aaa8d]" name="setUp" is-config="true" duration-ms="35455" started-at="2020-08-04T10:25:54 IST" finished-at="2020-08-04T10:26:30 IST">
          <reporter-output>
          </reporter-output>
        </test-method> <!-- setUp -->
        <test-method status="PASS" signature="loginPageTitleTest()[pri:0, instance:com.crm.qa.testcases.LoginPageTest@536aaa8d]" name="loginPageTitleTest" duration-ms="10035" started-at="2020-08-04T10:26:30 IST" finished-at="2020-08-04T10:26:40 IST">
          <reporter-output>
          </reporter-output>
        </test-method> <!-- loginPageTitleTest -->
        <test-method status="PASS" signature="tearDown()[pri:0, instance:com.crm.qa.testcases.LoginPageTest@536aaa8d]" name="tearDown" is-config="true" duration-ms="9753" started-at="2020-08-04T10:26:40 IST" finished-at="2020-08-04T10:26:50 IST">
          <reporter-output>
          </reporter-output>
        </test-method> <!-- tearDown -->
      </class> <!-- com.crm.qa.testcases.LoginPageTest -->
    </test> <!-- Test -->
  </suite> <!-- Suite -->
</testng-results>
